<?xml version="1.0" encoding="UTF-8"?>
<testsuite name="com.project.soccer.SoccerApplicationTests" tests="1" skipped="0" failures="0" errors="0" timestamp="2023-08-29T18:16:45" hostname="DESKTOP-4HD6NN5" time="0.437">
  <properties/>
  <testcase name="contextLoads()" classname="com.project.soccer.SoccerApplicationTests" time="0.437"/>
  <system-out><![CDATA[03:16:39.585 [Test worker] DEBUG org.springframework.test.context.BootstrapUtils - Instantiating CacheAwareContextLoaderDelegate from class [org.springframework.test.context.cache.DefaultCacheAwareContextLoaderDelegate]
03:16:39.601 [Test worker] DEBUG org.springframework.test.context.BootstrapUtils - Instantiating BootstrapContext using constructor [public org.springframework.test.context.support.DefaultBootstrapContext(java.lang.Class,org.springframework.test.context.CacheAwareContextLoaderDelegate)]
03:16:39.652 [Test worker] DEBUG org.springframework.test.context.BootstrapUtils - Instantiating TestContextBootstrapper for test class [com.project.soccer.SoccerApplicationTests] from class [org.springframework.boot.test.context.SpringBootTestContextBootstrapper]
03:16:39.666 [Test worker] INFO org.springframework.boot.test.context.SpringBootTestContextBootstrapper - Neither @ContextConfiguration nor @ContextHierarchy found for test class [com.project.soccer.SoccerApplicationTests], using SpringBootContextLoader
03:16:39.672 [Test worker] DEBUG org.springframework.test.context.support.AbstractContextLoader - Did not detect default resource location for test class [com.project.soccer.SoccerApplicationTests]: class path resource [com/project/soccer/SoccerApplicationTests-context.xml] does not exist
03:16:39.672 [Test worker] DEBUG org.springframework.test.context.support.AbstractContextLoader - Did not detect default resource location for test class [com.project.soccer.SoccerApplicationTests]: class path resource [com/project/soccer/SoccerApplicationTestsContext.groovy] does not exist
03:16:39.672 [Test worker] INFO org.springframework.test.context.support.AbstractContextLoader - Could not detect default resource locations for test class [com.project.soccer.SoccerApplicationTests]: no resource found for suffixes {-context.xml, Context.groovy}.
03:16:39.673 [Test worker] INFO org.springframework.test.context.support.AnnotationConfigContextLoaderUtils - Could not detect default configuration classes for test class [com.project.soccer.SoccerApplicationTests]: SoccerApplicationTests does not declare any static, non-private, non-final, nested classes annotated with @Configuration.
03:16:39.733 [Test worker] DEBUG org.springframework.test.context.support.ActiveProfilesUtils - Could not find an 'annotation declaring class' for annotation type [org.springframework.test.context.ActiveProfiles] and class [com.project.soccer.SoccerApplicationTests]
03:16:39.816 [Test worker] DEBUG org.springframework.context.annotation.ClassPathScanningCandidateComponentProvider - Identified candidate component class: file [C:\study\FFGG\backend\build\classes\java\main\com\project\soccer\SoccerApplication.class]
03:16:39.817 [Test worker] INFO org.springframework.boot.test.context.SpringBootTestContextBootstrapper - Found @SpringBootConfiguration com.project.soccer.SoccerApplication for test class com.project.soccer.SoccerApplicationTests
03:16:39.940 [Test worker] DEBUG org.springframework.boot.test.context.SpringBootTestContextBootstrapper - @TestExecutionListeners is not present for class [com.project.soccer.SoccerApplicationTests]: using defaults.
03:16:39.940 [Test worker] INFO org.springframework.boot.test.context.SpringBootTestContextBootstrapper - Loaded default TestExecutionListener class names from location [META-INF/spring.factories]: [org.springframework.boot.test.autoconfigure.restdocs.RestDocsTestExecutionListener, org.springframework.boot.test.autoconfigure.web.client.MockRestServiceServerResetTestExecutionListener, org.springframework.boot.test.autoconfigure.web.servlet.MockMvcPrintOnlyOnFailureTestExecutionListener, org.springframework.boot.test.autoconfigure.web.servlet.WebDriverTestExecutionListener, org.springframework.boot.test.autoconfigure.webservices.client.MockWebServiceServerTestExecutionListener, org.springframework.boot.test.mock.mockito.MockitoTestExecutionListener, org.springframework.boot.test.mock.mockito.ResetMocksTestExecutionListener, org.springframework.test.context.web.ServletTestExecutionListener, org.springframework.test.context.support.DirtiesContextBeforeModesTestExecutionListener, org.springframework.test.context.event.ApplicationEventsTestExecutionListener, org.springframework.test.context.support.DependencyInjectionTestExecutionListener, org.springframework.test.context.support.DirtiesContextTestExecutionListener, org.springframework.test.context.transaction.TransactionalTestExecutionListener, org.springframework.test.context.jdbc.SqlScriptsTestExecutionListener, org.springframework.test.context.event.EventPublishingTestExecutionListener]
03:16:39.962 [Test worker] INFO org.springframework.boot.test.context.SpringBootTestContextBootstrapper - Using TestExecutionListeners: [org.springframework.test.context.web.ServletTestExecutionListener@55795845, org.springframework.test.context.support.DirtiesContextBeforeModesTestExecutionListener@3d08f3f5, org.springframework.test.context.event.ApplicationEventsTestExecutionListener@119f1f2a, org.springframework.boot.test.mock.mockito.MockitoTestExecutionListener@1a1da881, org.springframework.boot.test.autoconfigure.SpringBootDependencyInjectionTestExecutionListener@5b970f7, org.springframework.test.context.support.DirtiesContextTestExecutionListener@7fd4acee, org.springframework.test.context.transaction.TransactionalTestExecutionListener@165b8a71, org.springframework.test.context.jdbc.SqlScriptsTestExecutionListener@6175619b, org.springframework.test.context.event.EventPublishingTestExecutionListener@2f058b8a, org.springframework.boot.test.autoconfigure.restdocs.RestDocsTestExecutionListener@756cf158, org.springframework.boot.test.autoconfigure.web.client.MockRestServiceServerResetTestExecutionListener@3f2ef586, org.springframework.boot.test.autoconfigure.web.servlet.MockMvcPrintOnlyOnFailureTestExecutionListener@751d3241, org.springframework.boot.test.autoconfigure.web.servlet.WebDriverTestExecutionListener@76c7beb3, org.springframework.boot.test.autoconfigure.webservices.client.MockWebServiceServerTestExecutionListener@64337702, org.springframework.boot.test.mock.mockito.ResetMocksTestExecutionListener@2cf92cc7]
03:16:39.967 [Test worker] DEBUG org.springframework.test.context.support.AbstractDirtiesContextTestExecutionListener - Before test class: context [DefaultTestContext@3e2943ab testClass = SoccerApplicationTests, testInstance = [null], testMethod = [null], testException = [null], mergedContextConfiguration = [WebMergedContextConfiguration@70dd7e15 testClass = SoccerApplicationTests, locations = '{}', classes = '{class com.project.soccer.SoccerApplication}', contextInitializerClasses = '[]', activeProfiles = '{}', propertySourceLocations = '{}', propertySourceProperties = '{org.springframework.boot.test.context.SpringBootTestContextBootstrapper=true}', contextCustomizers = set[org.springframework.boot.test.autoconfigure.actuate.metrics.MetricsExportContextCustomizerFactory$DisableMetricExportContextCustomizer@503ecb24, org.springframework.boot.test.autoconfigure.properties.PropertyMappingContextCustomizer@0, org.springframework.boot.test.autoconfigure.web.servlet.WebDriverContextCustomizerFactory$Customizer@134d26af, org.springframework.boot.test.context.filter.ExcludeFilterContextCustomizer@4fad9bb2, org.springframework.boot.test.json.DuplicateJsonObjectContextCustomizerFactory$DuplicateJsonObjectContextCustomizer@22d7b4f8, org.springframework.boot.test.mock.mockito.MockitoContextCustomizer@0, org.springframework.boot.test.web.client.TestRestTemplateContextCustomizer@a22cb6a, org.springframework.boot.test.context.SpringBootTestArgs@1, org.springframework.boot.test.context.SpringBootTestWebEnvironment@7fee8714], resourceBasePath = 'src/main/webapp', contextLoader = 'org.springframework.boot.test.context.SpringBootContextLoader', parent = [null]], attributes = map['org.springframework.test.context.web.ServletTestExecutionListener.activateListener' -> true]], class annotated with @DirtiesContext [false] with mode [null].

  .   ____          _            __ _ _
 /\\ / ___'_ __ _ _(_)_ __  __ _ \ \ \ \
( ( )\___ | '_ | '_| | '_ \/ _` | \ \ \ \
 \\/  ___)| |_)| | | | | || (_| |  ) ) ) )
  '  |____| .__|_| |_|_| |_\__, | / / / /
 =========|_|==============|___/=/_/_/_/
 :: Spring Boot ::                (v2.7.7)

2023-08-30 03:16:40.431  WARN 20792 --- [    Test worker] ory$DuplicateJsonObjectContextCustomizer : 

Found multiple occurrences of org.json.JSONObject on the class path:

	jar:file:/C:/Users/alstj/.gradle/caches/modules-2/files-2.1/org.json/json/20220924/5aa95e7688f76c664af205c5937620f02688dfbc/json-20220924.jar!/org/json/JSONObject.class
	jar:file:/C:/Users/alstj/.gradle/caches/modules-2/files-2.1/com.vaadin.external.google/android-json/0.0.20131108.vaadin1/fa26d351fe62a6a17f5cda1287c1c6110dec413f/android-json-0.0.20131108.vaadin1.jar!/org/json/JSONObject.class

You may wish to exclude one of them to ensure predictable runtime behavior

2023-08-30 03:16:40.451  INFO 20792 --- [    Test worker] c.project.soccer.SoccerApplicationTests  : Starting SoccerApplicationTests using Java 17.0.7 on DESKTOP-4HD6NN5 with PID 20792 (started by alstj in C:\study\FFGG\backend)
2023-08-30 03:16:40.452  INFO 20792 --- [    Test worker] c.project.soccer.SoccerApplicationTests  : The following 2 profiles are active: "key", "url"
2023-08-30 03:16:41.345  INFO 20792 --- [    Test worker] .s.d.r.c.RepositoryConfigurationDelegate : Bootstrapping Spring Data JPA repositories in DEFAULT mode.
2023-08-30 03:16:41.376  INFO 20792 --- [    Test worker] .s.d.r.c.RepositoryConfigurationDelegate : Finished Spring Data repository scanning in 12 ms. Found 0 JPA repository interfaces.
2023-08-30 03:16:42.141  INFO 20792 --- [    Test worker] com.zaxxer.hikari.HikariDataSource       : HikariPool-1 - Starting...
2023-08-30 03:16:42.560  INFO 20792 --- [    Test worker] com.zaxxer.hikari.HikariDataSource       : HikariPool-1 - Start completed.
2023-08-30 03:16:42.654  INFO 20792 --- [    Test worker] o.hibernate.jpa.internal.util.LogHelper  : HHH000204: Processing PersistenceUnitInfo [name: default]
2023-08-30 03:16:42.763  INFO 20792 --- [    Test worker] org.hibernate.Version                    : HHH000412: Hibernate ORM core version 5.6.14.Final
2023-08-30 03:16:43.093  INFO 20792 --- [    Test worker] o.h.spatial.integration.SpatialService   : HHH80000001: hibernate-spatial integration enabled : true
2023-08-30 03:16:43.157  INFO 20792 --- [    Test worker] o.hibernate.annotations.common.Version   : HCANN000001: Hibernate Commons Annotations {5.1.2.Final}
2023-08-30 03:16:43.441  INFO 20792 --- [    Test worker] org.hibernate.dialect.Dialect            : HHH000400: Using dialect: org.hibernate.dialect.PostgreSQL10Dialect
2023-08-30 03:16:43.771  INFO 20792 --- [    Test worker] o.h.e.t.j.p.i.JtaPlatformInitiator       : HHH000490: Using JtaPlatform implementation: [org.hibernate.engine.transaction.jta.platform.internal.NoJtaPlatform]
2023-08-30 03:16:43.782  INFO 20792 --- [    Test worker] j.LocalContainerEntityManagerFactoryBean : Initialized JPA EntityManagerFactory for persistence unit 'default'
2023-08-30 03:16:44.309  WARN 20792 --- [    Test worker] JpaBaseConfiguration$JpaWebConfiguration : spring.jpa.open-in-view is enabled by default. Therefore, database queries may be performed during view rendering. Explicitly configure spring.jpa.open-in-view to disable this warning
2023-08-30 03:16:44.775  INFO 20792 --- [    Test worker] o.s.b.a.w.s.WelcomePageHandlerMapping    : Adding welcome page: class path resource [static/index.html]
2023-08-30 03:16:45.320  INFO 20792 --- [    Test worker] c.project.soccer.SoccerApplicationTests  : Started SoccerApplicationTests in 5.294 seconds (JVM running for 7.245)
]]></system-out>
  <system-err><![CDATA[]]></system-err>
</testsuite>
